This is pdfTeX, Version 3.1415926-2.3-1.40.12 (MiKTeX 2.9) (preloaded format=pdflatex 2015.11.24)  23 MAR 2016 20:54
entering extended mode
**D:/program/USTBThesis/ThesisCover.tex
(D:/program/USTBThesis/ThesisCover.tex
LaTeX2e <2011/06/27>
Babel <v3.8m> and hyphenation patterns for loaded.
! Undefined control sequence.
\makecover ->\rotatebox 
                        {-90}{\ThesisTitleCN } \rotatebox {-90}{\AuthorCN } ...
l.9 \makecover
              
? 
! Emergency stop.
\makecover ->\rotatebox 
                        {-90}{\ThesisTitleCN } \rotatebox {-90}{\AuthorCN } ...
l.9 \makecover
              
End of file on the terminal!

 
Here is how much of TeX's memory you used:
 11 strings out of 495354
 212 string characters out of 3183858
 44842 words of memory out of 3000000
 3280 multiletter control sequences out of 15000+200000
 3640 words of font info for 14 fonts, out of 3000000 for 9000
 14 hyphenation exceptions out of 8191
 7i,0n,6p,76b,8s stack positions out of 5000i,500n,10000p,200000b,50000s
!  ==> Fatal error occurred, no output PDF file produced!
